[0.982s] Invoking command in '/home/bot/ros2_ws/Group-8/challenge_2': PYTHONPATH=/home/bot/ros2_ws/Group-8/build/challenge_2/prefix_override:/home/bot/ros2_ws/Group-8/install/challenge_2/lib/python3.8/site-packages:${PYTHONPATH} /usr/bin/python3 setup.py egg_info --egg-base ../build/challenge_2 build --build-base /home/bot/ros2_ws/Group-8/build/challenge_2/build install --record /home/bot/ros2_ws/Group-8/build/challenge_2/install.log --install-scripts $base/lib/challenge_2 --single-version-externally-managed
[1.122s] running egg_info
[1.123s] writing ../build/challenge_2/challenge_2.egg-info/PKG-INFO
[1.123s] writing dependency_links to ../build/challenge_2/challenge_2.egg-info/dependency_links.txt
[1.123s] writing entry points to ../build/challenge_2/challenge_2.egg-info/entry_points.txt
[1.123s] writing requirements to ../build/challenge_2/challenge_2.egg-info/requires.txt
[1.123s] writing top-level names to ../build/challenge_2/challenge_2.egg-info/top_level.txt
[1.144s] reading manifest file '../build/challenge_2/challenge_2.egg-info/SOURCES.txt'
[1.144s] writing manifest file '../build/challenge_2/challenge_2.egg-info/SOURCES.txt'
[1.144s] running build
[1.144s] running build_py
[1.145s] running install
[1.145s] running install_lib
[1.146s] running install_data
[1.146s] copying launch/tbot.launch.py -> /home/bot/ros2_ws/Group-8/install/challenge_2/share/challenge_2
[1.146s] running install_egg_info
[1.147s] removing '/home/bot/ros2_ws/Group-8/install/challenge_2/lib/python3.8/site-packages/challenge_2-0.0.0-py3.8.egg-info' (and everything under it)
[1.147s] Copying ../build/challenge_2/challenge_2.egg-info to /home/bot/ros2_ws/Group-8/install/challenge_2/lib/python3.8/site-packages/challenge_2-0.0.0-py3.8.egg-info
[1.148s] running install_scripts
[1.159s] writing list of installed files to '/home/bot/ros2_ws/Group-8/build/challenge_2/install.log'
[1.174s] Invoked command in '/home/bot/ros2_ws/Group-8/challenge_2' returned '0': PYTHONPATH=/home/bot/ros2_ws/Group-8/build/challenge_2/prefix_override:/home/bot/ros2_ws/Group-8/install/challenge_2/lib/python3.8/site-packages:${PYTHONPATH} /usr/bin/python3 setup.py egg_info --egg-base ../build/challenge_2 build --build-base /home/bot/ros2_ws/Group-8/build/challenge_2/build install --record /home/bot/ros2_ws/Group-8/build/challenge_2/install.log --install-scripts $base/lib/challenge_2 --single-version-externally-managed
