running egg_info
creating ../build/tuto_move/tuto_move.egg-info
writing ../build/tuto_move/tuto_move.egg-info/PKG-INFO
writing dependency_links to ../build/tuto_move/tuto_move.egg-info/dependency_links.txt
writing entry points to ../build/tuto_move/tuto_move.egg-info/entry_points.txt
writing requirements to ../build/tuto_move/tuto_move.egg-info/requires.txt
writing top-level names to ../build/tuto_move/tuto_move.egg-info/top_level.txt
writing manifest file '../build/tuto_move/tuto_move.egg-info/SOURCES.txt'
reading manifest file '../build/tuto_move/tuto_move.egg-info/SOURCES.txt'
writing manifest file '../build/tuto_move/tuto_move.egg-info/SOURCES.txt'
running build
running build_py
creating /home/bot/ros2_ws/Group-8/build/tuto_move/build
creating /home/bot/ros2_ws/Group-8/build/tuto_move/build/lib
creating /home/bot/ros2_ws/Group-8/build/tuto_move/build/lib/tuto_move
copying tuto_move/move_1m.py -> /home/bot/ros2_ws/Group-8/build/tuto_move/build/lib/tuto_move
copying tuto_move/camera.py -> /home/bot/ros2_ws/Group-8/build/tuto_move/build/lib/tuto_move
copying tuto_move/reactive_move.py -> /home/bot/ros2_ws/Group-8/build/tuto_move/build/lib/tuto_move
copying tuto_move/__init__.py -> /home/bot/ros2_ws/Group-8/build/tuto_move/build/lib/tuto_move
copying tuto_move/scan_echo.py -> /home/bot/ros2_ws/Group-8/build/tuto_move/build/lib/tuto_move
copying tuto_move/visualize.launch.py -> /home/bot/ros2_ws/Group-8/build/tuto_move/build/lib/tuto_move
copying tuto_move/test.py -> /home/bot/ros2_ws/Group-8/build/tuto_move/build/lib/tuto_move
running install
running install_lib
creating /home/bot/ros2_ws/Group-8/install/tuto_move/lib/python3.8/site-packages/tuto_move
copying /home/bot/ros2_ws/Group-8/build/tuto_move/build/lib/tuto_move/move_1m.py -> /home/bot/ros2_ws/Group-8/install/tuto_move/lib/python3.8/site-packages/tuto_move
copying /home/bot/ros2_ws/Group-8/build/tuto_move/build/lib/tuto_move/camera.py -> /home/bot/ros2_ws/Group-8/install/tuto_move/lib/python3.8/site-packages/tuto_move
copying /home/bot/ros2_ws/Group-8/build/tuto_move/build/lib/tuto_move/reactive_move.py -> /home/bot/ros2_ws/Group-8/install/tuto_move/lib/python3.8/site-packages/tuto_move
copying /home/bot/ros2_ws/Group-8/build/tuto_move/build/lib/tuto_move/__init__.py -> /home/bot/ros2_ws/Group-8/install/tuto_move/lib/python3.8/site-packages/tuto_move
copying /home/bot/ros2_ws/Group-8/build/tuto_move/build/lib/tuto_move/scan_echo.py -> /home/bot/ros2_ws/Group-8/install/tuto_move/lib/python3.8/site-packages/tuto_move
copying /home/bot/ros2_ws/Group-8/build/tuto_move/build/lib/tuto_move/visualize.launch.py -> /home/bot/ros2_ws/Group-8/install/tuto_move/lib/python3.8/site-packages/tuto_move
copying /home/bot/ros2_ws/Group-8/build/tuto_move/build/lib/tuto_move/test.py -> /home/bot/ros2_ws/Group-8/install/tuto_move/lib/python3.8/site-packages/tuto_move
byte-compiling /home/bot/ros2_ws/Group-8/install/tuto_move/lib/python3.8/site-packages/tuto_move/move_1m.py to move_1m.cpython-38.pyc
byte-compiling /home/bot/ros2_ws/Group-8/install/tuto_move/lib/python3.8/site-packages/tuto_move/camera.py to camera.cpython-38.pyc
byte-compiling /home/bot/ros2_ws/Group-8/install/tuto_move/lib/python3.8/site-packages/tuto_move/reactive_move.py to reactive_move.cpython-38.pyc
byte-compiling /home/bot/ros2_ws/Group-8/install/tuto_move/lib/python3.8/site-packages/tuto_move/__init__.py to __init__.cpython-38.pyc
byte-compiling /home/bot/ros2_ws/Group-8/install/tuto_move/lib/python3.8/site-packages/tuto_move/scan_echo.py to scan_echo.cpython-38.pyc
byte-compiling /home/bot/ros2_ws/Group-8/install/tuto_move/lib/python3.8/site-packages/tuto_move/visualize.launch.py to visualize.launch.cpython-38.pyc
byte-compiling /home/bot/ros2_ws/Group-8/install/tuto_move/lib/python3.8/site-packages/tuto_move/test.py to test.cpython-38.pyc
running install_data
creating /home/bot/ros2_ws/Group-8/install/tuto_move/share/ament_index
creating /home/bot/ros2_ws/Group-8/install/tuto_move/share/ament_index/resource_index
creating /home/bot/ros2_ws/Group-8/install/tuto_move/share/ament_index/resource_index/packages
copying resource/tuto_move -> /home/bot/ros2_ws/Group-8/install/tuto_move/share/ament_index/resource_index/packages
copying package.xml -> /home/bot/ros2_ws/Group-8/install/tuto_move/share/tuto_move
running install_egg_info
Copying ../build/tuto_move/tuto_move.egg-info to /home/bot/ros2_ws/Group-8/install/tuto_move/lib/python3.8/site-packages/tuto_move-0.0.0-py3.8.egg-info
running install_scripts
Installing camera script to /home/bot/ros2_ws/Group-8/install/tuto_move/lib/tuto_move
Installing move_1m script to /home/bot/ros2_ws/Group-8/install/tuto_move/lib/tuto_move
Installing reactive_move script to /home/bot/ros2_ws/Group-8/install/tuto_move/lib/tuto_move
Installing scan_echo script to /home/bot/ros2_ws/Group-8/install/tuto_move/lib/tuto_move
Installing test script to /home/bot/ros2_ws/Group-8/install/tuto_move/lib/tuto_move
writing list of installed files to '/home/bot/ros2_ws/Group-8/build/tuto_move/install.log'
