running egg_info
creating ../build/tuto_vision/tuto_vision.egg-info
writing ../build/tuto_vision/tuto_vision.egg-info/PKG-INFO
writing dependency_links to ../build/tuto_vision/tuto_vision.egg-info/dependency_links.txt
writing entry points to ../build/tuto_vision/tuto_vision.egg-info/entry_points.txt
writing requirements to ../build/tuto_vision/tuto_vision.egg-info/requires.txt
writing top-level names to ../build/tuto_vision/tuto_vision.egg-info/top_level.txt
writing manifest file '../build/tuto_vision/tuto_vision.egg-info/SOURCES.txt'
reading manifest file '../build/tuto_vision/tuto_vision.egg-info/SOURCES.txt'
writing manifest file '../build/tuto_vision/tuto_vision.egg-info/SOURCES.txt'
running build
running build_py
creating /home/bot/ros2_ws/Group-8/build/tuto_vision/build
creating /home/bot/ros2_ws/Group-8/build/tuto_vision/build/lib
creating /home/bot/ros2_ws/Group-8/build/tuto_vision/build/lib/tuto_vision
copying tuto_vision/vision_1.py -> /home/bot/ros2_ws/Group-8/build/tuto_vision/build/lib/tuto_vision
copying tuto_vision/realsense.py -> /home/bot/ros2_ws/Group-8/build/tuto_vision/build/lib/tuto_vision
copying tuto_vision/vision_2.py -> /home/bot/ros2_ws/Group-8/build/tuto_vision/build/lib/tuto_vision
copying tuto_vision/vision_3.py -> /home/bot/ros2_ws/Group-8/build/tuto_vision/build/lib/tuto_vision
copying tuto_vision/matchtemplate.py -> /home/bot/ros2_ws/Group-8/build/tuto_vision/build/lib/tuto_vision
copying tuto_vision/Knn.met.py -> /home/bot/ros2_ws/Group-8/build/tuto_vision/build/lib/tuto_vision
copying tuto_vision/vision_4.py -> /home/bot/ros2_ws/Group-8/build/tuto_vision/build/lib/tuto_vision
copying tuto_vision/__init__.py -> /home/bot/ros2_ws/Group-8/build/tuto_vision/build/lib/tuto_vision
copying tuto_vision/realsense.vision.py -> /home/bot/ros2_ws/Group-8/build/tuto_vision/build/lib/tuto_vision
copying tuto_vision/cropped.img.py -> /home/bot/ros2_ws/Group-8/build/tuto_vision/build/lib/tuto_vision
copying tuto_vision/yolo_opencv.py -> /home/bot/ros2_ws/Group-8/build/tuto_vision/build/lib/tuto_vision
running install
running install_lib
creating /home/bot/ros2_ws/Group-8/install/tuto_vision/lib/python3.8/site-packages/tuto_vision
copying /home/bot/ros2_ws/Group-8/build/tuto_vision/build/lib/tuto_vision/vision_1.py -> /home/bot/ros2_ws/Group-8/install/tuto_vision/lib/python3.8/site-packages/tuto_vision
copying /home/bot/ros2_ws/Group-8/build/tuto_vision/build/lib/tuto_vision/realsense.py -> /home/bot/ros2_ws/Group-8/install/tuto_vision/lib/python3.8/site-packages/tuto_vision
copying /home/bot/ros2_ws/Group-8/build/tuto_vision/build/lib/tuto_vision/vision_2.py -> /home/bot/ros2_ws/Group-8/install/tuto_vision/lib/python3.8/site-packages/tuto_vision
copying /home/bot/ros2_ws/Group-8/build/tuto_vision/build/lib/tuto_vision/vision_3.py -> /home/bot/ros2_ws/Group-8/install/tuto_vision/lib/python3.8/site-packages/tuto_vision
copying /home/bot/ros2_ws/Group-8/build/tuto_vision/build/lib/tuto_vision/matchtemplate.py -> /home/bot/ros2_ws/Group-8/install/tuto_vision/lib/python3.8/site-packages/tuto_vision
copying /home/bot/ros2_ws/Group-8/build/tuto_vision/build/lib/tuto_vision/Knn.met.py -> /home/bot/ros2_ws/Group-8/install/tuto_vision/lib/python3.8/site-packages/tuto_vision
copying /home/bot/ros2_ws/Group-8/build/tuto_vision/build/lib/tuto_vision/vision_4.py -> /home/bot/ros2_ws/Group-8/install/tuto_vision/lib/python3.8/site-packages/tuto_vision
copying /home/bot/ros2_ws/Group-8/build/tuto_vision/build/lib/tuto_vision/__init__.py -> /home/bot/ros2_ws/Group-8/install/tuto_vision/lib/python3.8/site-packages/tuto_vision
copying /home/bot/ros2_ws/Group-8/build/tuto_vision/build/lib/tuto_vision/realsense.vision.py -> /home/bot/ros2_ws/Group-8/install/tuto_vision/lib/python3.8/site-packages/tuto_vision
copying /home/bot/ros2_ws/Group-8/build/tuto_vision/build/lib/tuto_vision/cropped.img.py -> /home/bot/ros2_ws/Group-8/install/tuto_vision/lib/python3.8/site-packages/tuto_vision
copying /home/bot/ros2_ws/Group-8/build/tuto_vision/build/lib/tuto_vision/yolo_opencv.py -> /home/bot/ros2_ws/Group-8/install/tuto_vision/lib/python3.8/site-packages/tuto_vision
byte-compiling /home/bot/ros2_ws/Group-8/install/tuto_vision/lib/python3.8/site-packages/tuto_vision/vision_1.py to vision_1.cpython-38.pyc
byte-compiling /home/bot/ros2_ws/Group-8/install/tuto_vision/lib/python3.8/site-packages/tuto_vision/realsense.py to realsense.cpython-38.pyc
byte-compiling /home/bot/ros2_ws/Group-8/install/tuto_vision/lib/python3.8/site-packages/tuto_vision/vision_2.py to vision_2.cpython-38.pyc
byte-compiling /home/bot/ros2_ws/Group-8/install/tuto_vision/lib/python3.8/site-packages/tuto_vision/vision_3.py to vision_3.cpython-38.pyc
byte-compiling /home/bot/ros2_ws/Group-8/install/tuto_vision/lib/python3.8/site-packages/tuto_vision/matchtemplate.py to matchtemplate.cpython-38.pyc
byte-compiling /home/bot/ros2_ws/Group-8/install/tuto_vision/lib/python3.8/site-packages/tuto_vision/Knn.met.py to Knn.met.cpython-38.pyc
byte-compiling /home/bot/ros2_ws/Group-8/install/tuto_vision/lib/python3.8/site-packages/tuto_vision/vision_4.py to vision_4.cpython-38.pyc
byte-compiling /home/bot/ros2_ws/Group-8/install/tuto_vision/lib/python3.8/site-packages/tuto_vision/__init__.py to __init__.cpython-38.pyc
byte-compiling /home/bot/ros2_ws/Group-8/install/tuto_vision/lib/python3.8/site-packages/tuto_vision/realsense.vision.py to realsense.vision.cpython-38.pyc
byte-compiling /home/bot/ros2_ws/Group-8/install/tuto_vision/lib/python3.8/site-packages/tuto_vision/cropped.img.py to cropped.img.cpython-38.pyc
byte-compiling /home/bot/ros2_ws/Group-8/install/tuto_vision/lib/python3.8/site-packages/tuto_vision/yolo_opencv.py to yolo_opencv.cpython-38.pyc
running install_data
creating /home/bot/ros2_ws/Group-8/install/tuto_vision/share/ament_index
creating /home/bot/ros2_ws/Group-8/install/tuto_vision/share/ament_index/resource_index
creating /home/bot/ros2_ws/Group-8/install/tuto_vision/share/ament_index/resource_index/packages
copying resource/tuto_vision -> /home/bot/ros2_ws/Group-8/install/tuto_vision/share/ament_index/resource_index/packages
copying package.xml -> /home/bot/ros2_ws/Group-8/install/tuto_vision/share/tuto_vision
running install_egg_info
Copying ../build/tuto_vision/tuto_vision.egg-info to /home/bot/ros2_ws/Group-8/install/tuto_vision/lib/python3.8/site-packages/tuto_vision-0.0.0-py3.8.egg-info
running install_scripts
Installing vision_1 = tuto_vision.vision_1:maincamera script to /home/bot/ros2_ws/Group-8/install/tuto_vision/lib/tuto_vision
writing list of installed files to '/home/bot/ros2_ws/Group-8/build/tuto_vision/install.log'
