[0.380s] Invoking command in '/home/bot/ros2_ws/tuto_move': PYTHONPATH=/home/bot/ros2_ws/tuto_move/build/tuto_move/prefix_override:/home/bot/ros2_ws/tuto_move/install/tuto_move/lib/python3.8/site-packages:${PYTHONPATH} /usr/bin/python3 setup.py egg_info --egg-base build/tuto_move build --build-base /home/bot/ros2_ws/tuto_move/build/tuto_move/build install --record /home/bot/ros2_ws/tuto_move/build/tuto_move/install.log --install-scripts $base/lib/tuto_move --single-version-externally-managed
[0.518s] running egg_info
[0.518s] writing build/tuto_move/tuto_move.egg-info/PKG-INFO
[0.518s] writing dependency_links to build/tuto_move/tuto_move.egg-info/dependency_links.txt
[0.518s] writing entry points to build/tuto_move/tuto_move.egg-info/entry_points.txt
[0.518s] writing requirements to build/tuto_move/tuto_move.egg-info/requires.txt
[0.518s] writing top-level names to build/tuto_move/tuto_move.egg-info/top_level.txt
[0.538s] reading manifest file 'build/tuto_move/tuto_move.egg-info/SOURCES.txt'
[0.538s] writing manifest file 'build/tuto_move/tuto_move.egg-info/SOURCES.txt'
[0.539s] running build
[0.539s] running build_py
[0.539s] copying tuto_move/camera.py -> /home/bot/ros2_ws/tuto_move/build/tuto_move/build/lib/tuto_move
[0.539s] running install
[0.539s] running install_lib
[0.540s] copying /home/bot/ros2_ws/tuto_move/build/tuto_move/build/lib/tuto_move/camera.py -> /home/bot/ros2_ws/tuto_move/install/tuto_move/lib/python3.8/site-packages/tuto_move
[0.540s] byte-compiling /home/bot/ros2_ws/tuto_move/install/tuto_move/lib/python3.8/site-packages/tuto_move/camera.py to camera.cpython-38.pyc
[0.541s] running install_data
[0.541s] running install_egg_info
[0.542s] removing '/home/bot/ros2_ws/tuto_move/install/tuto_move/lib/python3.8/site-packages/tuto_move-0.0.0-py3.8.egg-info' (and everything under it)
[0.542s] Copying build/tuto_move/tuto_move.egg-info to /home/bot/ros2_ws/tuto_move/install/tuto_move/lib/python3.8/site-packages/tuto_move-0.0.0-py3.8.egg-info
[0.543s] running install_scripts
[0.553s] Installing camera script to /home/bot/ros2_ws/tuto_move/install/tuto_move/lib/tuto_move
[0.553s] Installing move_1m script to /home/bot/ros2_ws/tuto_move/install/tuto_move/lib/tuto_move
[0.553s] Installing scan_echo script to /home/bot/ros2_ws/tuto_move/install/tuto_move/lib/tuto_move
[0.553s] writing list of installed files to '/home/bot/ros2_ws/tuto_move/build/tuto_move/install.log'
[0.564s] Invoked command in '/home/bot/ros2_ws/tuto_move' returned '0': PYTHONPATH=/home/bot/ros2_ws/tuto_move/build/tuto_move/prefix_override:/home/bot/ros2_ws/tuto_move/install/tuto_move/lib/python3.8/site-packages:${PYTHONPATH} /usr/bin/python3 setup.py egg_info --egg-base build/tuto_move build --build-base /home/bot/ros2_ws/tuto_move/build/tuto_move/build install --record /home/bot/ros2_ws/tuto_move/build/tuto_move/install.log --install-scripts $base/lib/tuto_move --single-version-externally-managed
