[0.432s] Invoking command in '/home/bot/ros2_ws/Group-8/tuto_vision': PYTHONPATH=/home/bot/ros2_ws/Group-8/tuto_vision/build/tuto_vision/prefix_override:/home/bot/ros2_ws/Group-8/tuto_vision/install/tuto_vision/lib/python3.8/site-packages:${PYTHONPATH} /usr/bin/python3 setup.py egg_info --egg-base build/tuto_vision build --build-base /home/bot/ros2_ws/Group-8/tuto_vision/build/tuto_vision/build install --record /home/bot/ros2_ws/Group-8/tuto_vision/build/tuto_vision/install.log --install-scripts $base/lib/tuto_vision --single-version-externally-managed
[0.583s] running egg_info
[0.583s] writing build/tuto_vision/tuto_vision.egg-info/PKG-INFO
[0.584s] writing dependency_links to build/tuto_vision/tuto_vision.egg-info/dependency_links.txt
[0.584s] writing entry points to build/tuto_vision/tuto_vision.egg-info/entry_points.txt
[0.584s] writing requirements to build/tuto_vision/tuto_vision.egg-info/requires.txt
[0.584s] writing top-level names to build/tuto_vision/tuto_vision.egg-info/top_level.txt
[0.606s] reading manifest file 'build/tuto_vision/tuto_vision.egg-info/SOURCES.txt'
[0.606s] writing manifest file 'build/tuto_vision/tuto_vision.egg-info/SOURCES.txt'
[0.606s] running build
[0.606s] running build_py
[0.607s] copying tuto_vision/vision_2.py -> /home/bot/ros2_ws/Group-8/tuto_vision/build/tuto_vision/build/lib/tuto_vision
[0.607s] copying tuto_vision/yolo_opencv.py -> /home/bot/ros2_ws/Group-8/tuto_vision/build/tuto_vision/build/lib/tuto_vision
[0.607s] running install
[0.608s] running install_lib
[0.608s] copying /home/bot/ros2_ws/Group-8/tuto_vision/build/tuto_vision/build/lib/tuto_vision/vision_2.py -> /home/bot/ros2_ws/Group-8/tuto_vision/install/tuto_vision/lib/python3.8/site-packages/tuto_vision
[0.608s] copying /home/bot/ros2_ws/Group-8/tuto_vision/build/tuto_vision/build/lib/tuto_vision/yolo_opencv.py -> /home/bot/ros2_ws/Group-8/tuto_vision/install/tuto_vision/lib/python3.8/site-packages/tuto_vision
[0.609s] byte-compiling /home/bot/ros2_ws/Group-8/tuto_vision/install/tuto_vision/lib/python3.8/site-packages/tuto_vision/vision_2.py to vision_2.cpython-38.pyc
[0.609s] byte-compiling /home/bot/ros2_ws/Group-8/tuto_vision/install/tuto_vision/lib/python3.8/site-packages/tuto_vision/yolo_opencv.py to yolo_opencv.cpython-38.pyc
[0.610s] running install_data
[0.610s] running install_egg_info
[0.611s] removing '/home/bot/ros2_ws/Group-8/tuto_vision/install/tuto_vision/lib/python3.8/site-packages/tuto_vision-0.0.0-py3.8.egg-info' (and everything under it)
[0.612s] Copying build/tuto_vision/tuto_vision.egg-info to /home/bot/ros2_ws/Group-8/tuto_vision/install/tuto_vision/lib/python3.8/site-packages/tuto_vision-0.0.0-py3.8.egg-info
[0.612s] running install_scripts
[0.622s] Installing vision_1 = tuto_vision.vision_1:maincamera script to /home/bot/ros2_ws/Group-8/tuto_vision/install/tuto_vision/lib/tuto_vision
[0.622s] writing list of installed files to '/home/bot/ros2_ws/Group-8/tuto_vision/build/tuto_vision/install.log'
[0.634s] Invoked command in '/home/bot/ros2_ws/Group-8/tuto_vision' returned '0': PYTHONPATH=/home/bot/ros2_ws/Group-8/tuto_vision/build/tuto_vision/prefix_override:/home/bot/ros2_ws/Group-8/tuto_vision/install/tuto_vision/lib/python3.8/site-packages:${PYTHONPATH} /usr/bin/python3 setup.py egg_info --egg-base build/tuto_vision build --build-base /home/bot/ros2_ws/Group-8/tuto_vision/build/tuto_vision/build install --record /home/bot/ros2_ws/Group-8/tuto_vision/build/tuto_vision/install.log --install-scripts $base/lib/tuto_vision --single-version-externally-managed
