running egg_info
creating ../build/challenge_1/challenge_1.egg-info
writing ../build/challenge_1/challenge_1.egg-info/PKG-INFO
writing dependency_links to ../build/challenge_1/challenge_1.egg-info/dependency_links.txt
writing entry points to ../build/challenge_1/challenge_1.egg-info/entry_points.txt
writing requirements to ../build/challenge_1/challenge_1.egg-info/requires.txt
writing top-level names to ../build/challenge_1/challenge_1.egg-info/top_level.txt
writing manifest file '../build/challenge_1/challenge_1.egg-info/SOURCES.txt'
reading manifest file '../build/challenge_1/challenge_1.egg-info/SOURCES.txt'
writing manifest file '../build/challenge_1/challenge_1.egg-info/SOURCES.txt'
running build
running build_py
creating /home/bot/ros2_ws/Group-8/build/challenge_1/build
creating /home/bot/ros2_ws/Group-8/build/challenge_1/build/lib
creating /home/bot/ros2_ws/Group-8/build/challenge_1/build/lib/challenge_1
copying challenge_1/__init__.py -> /home/bot/ros2_ws/Group-8/build/challenge_1/build/lib/challenge_1
running install
running install_lib
creating /home/bot/ros2_ws/Group-8/install/challenge_1/lib/python3.8/site-packages/challenge_1
copying /home/bot/ros2_ws/Group-8/build/challenge_1/build/lib/challenge_1/__init__.py -> /home/bot/ros2_ws/Group-8/install/challenge_1/lib/python3.8/site-packages/challenge_1
byte-compiling /home/bot/ros2_ws/Group-8/install/challenge_1/lib/python3.8/site-packages/challenge_1/__init__.py to __init__.cpython-38.pyc
running install_data
creating /home/bot/ros2_ws/Group-8/install/challenge_1/share/ament_index
creating /home/bot/ros2_ws/Group-8/install/challenge_1/share/ament_index/resource_index
creating /home/bot/ros2_ws/Group-8/install/challenge_1/share/ament_index/resource_index/packages
copying resource/challenge_1 -> /home/bot/ros2_ws/Group-8/install/challenge_1/share/ament_index/resource_index/packages
copying package.xml -> /home/bot/ros2_ws/Group-8/install/challenge_1/share/challenge_1
copying launch/sim.launch.py -> /home/bot/ros2_ws/Group-8/install/challenge_1/share/challenge_1
copying launch/tbot.launch.py -> /home/bot/ros2_ws/Group-8/install/challenge_1/share/challenge_1
copying launch/visualize.launch.py -> /home/bot/ros2_ws/Group-8/install/challenge_1/share/challenge_1
running install_egg_info
Copying ../build/challenge_1/challenge_1.egg-info to /home/bot/ros2_ws/Group-8/install/challenge_1/lib/python3.8/site-packages/challenge_1-0.0.0-py3.8.egg-info
running install_scripts
writing list of installed files to '/home/bot/ros2_ws/Group-8/build/challenge_1/install.log'
