[1.157s] Invoking command in '/home/bot/ros2_ws/Group-8/challenge_1': PYTHONPATH=/home/bot/ros2_ws/Group-8/build/challenge_1/prefix_override:/home/bot/ros2_ws/Group-8/install/challenge_1/lib/python3.8/site-packages:${PYTHONPATH} /usr/bin/python3 setup.py egg_info --egg-base ../build/challenge_1 build --build-base /home/bot/ros2_ws/Group-8/build/challenge_1/build install --record /home/bot/ros2_ws/Group-8/build/challenge_1/install.log --install-scripts $base/lib/challenge_1 --single-version-externally-managed
[1.341s] running egg_info
[1.341s] creating ../build/challenge_1/challenge_1.egg-info
[1.342s] writing ../build/challenge_1/challenge_1.egg-info/PKG-INFO
[1.342s] writing dependency_links to ../build/challenge_1/challenge_1.egg-info/dependency_links.txt
[1.342s] writing entry points to ../build/challenge_1/challenge_1.egg-info/entry_points.txt
[1.342s] writing requirements to ../build/challenge_1/challenge_1.egg-info/requires.txt
[1.342s] writing top-level names to ../build/challenge_1/challenge_1.egg-info/top_level.txt
[1.359s] writing manifest file '../build/challenge_1/challenge_1.egg-info/SOURCES.txt'
[1.402s] reading manifest file '../build/challenge_1/challenge_1.egg-info/SOURCES.txt'
[1.403s] writing manifest file '../build/challenge_1/challenge_1.egg-info/SOURCES.txt'
[1.403s] running build
[1.403s] running build_py
[1.403s] creating /home/bot/ros2_ws/Group-8/build/challenge_1/build
[1.403s] creating /home/bot/ros2_ws/Group-8/build/challenge_1/build/lib
[1.404s] creating /home/bot/ros2_ws/Group-8/build/challenge_1/build/lib/challenge_1
[1.404s] copying challenge_1/__init__.py -> /home/bot/ros2_ws/Group-8/build/challenge_1/build/lib/challenge_1
[1.404s] running install
[1.405s] running install_lib
[1.406s] creating /home/bot/ros2_ws/Group-8/install/challenge_1/lib/python3.8/site-packages/challenge_1
[1.406s] copying /home/bot/ros2_ws/Group-8/build/challenge_1/build/lib/challenge_1/__init__.py -> /home/bot/ros2_ws/Group-8/install/challenge_1/lib/python3.8/site-packages/challenge_1
[1.406s] byte-compiling /home/bot/ros2_ws/Group-8/install/challenge_1/lib/python3.8/site-packages/challenge_1/__init__.py to __init__.cpython-38.pyc
[1.407s] running install_data
[1.408s] creating /home/bot/ros2_ws/Group-8/install/challenge_1/share/ament_index
[1.408s] creating /home/bot/ros2_ws/Group-8/install/challenge_1/share/ament_index/resource_index
[1.408s] creating /home/bot/ros2_ws/Group-8/install/challenge_1/share/ament_index/resource_index/packages
[1.409s] copying resource/challenge_1 -> /home/bot/ros2_ws/Group-8/install/challenge_1/share/ament_index/resource_index/packages
[1.409s] copying package.xml -> /home/bot/ros2_ws/Group-8/install/challenge_1/share/challenge_1
[1.409s] copying launch/sim.launch.py -> /home/bot/ros2_ws/Group-8/install/challenge_1/share/challenge_1
[1.409s] copying launch/tbot.launch.py -> /home/bot/ros2_ws/Group-8/install/challenge_1/share/challenge_1
[1.409s] copying launch/visualize.launch.py -> /home/bot/ros2_ws/Group-8/install/challenge_1/share/challenge_1
[1.409s] running install_egg_info
[1.410s] Copying ../build/challenge_1/challenge_1.egg-info to /home/bot/ros2_ws/Group-8/install/challenge_1/lib/python3.8/site-packages/challenge_1-0.0.0-py3.8.egg-info
[1.411s] running install_scripts
[1.433s] writing list of installed files to '/home/bot/ros2_ws/Group-8/build/challenge_1/install.log'
[1.474s] Invoked command in '/home/bot/ros2_ws/Group-8/challenge_1' returned '0': PYTHONPATH=/home/bot/ros2_ws/Group-8/build/challenge_1/prefix_override:/home/bot/ros2_ws/Group-8/install/challenge_1/lib/python3.8/site-packages:${PYTHONPATH} /usr/bin/python3 setup.py egg_info --egg-base ../build/challenge_1 build --build-base /home/bot/ros2_ws/Group-8/build/challenge_1/build install --record /home/bot/ros2_ws/Group-8/build/challenge_1/install.log --install-scripts $base/lib/challenge_1 --single-version-externally-managed
