[0.375s] Invoking command in '/home/bot/ros2_ws/tuto_vision': PYTHONPATH=/home/bot/ros2_ws/tuto_vision/build/tuto_vision/prefix_override:/home/bot/ros2_ws/tuto_vision/install/tuto_vision/lib/python3.8/site-packages:${PYTHONPATH} /usr/bin/python3 setup.py egg_info --egg-base build/tuto_vision build --build-base /home/bot/ros2_ws/tuto_vision/build/tuto_vision/build install --record /home/bot/ros2_ws/tuto_vision/build/tuto_vision/install.log --install-scripts $base/lib/tuto_vision --single-version-externally-managed
[0.497s] running egg_info
[0.497s] writing build/tuto_vision/tuto_vision.egg-info/PKG-INFO
[0.497s] writing dependency_links to build/tuto_vision/tuto_vision.egg-info/dependency_links.txt
[0.498s] writing entry points to build/tuto_vision/tuto_vision.egg-info/entry_points.txt
[0.498s] writing requirements to build/tuto_vision/tuto_vision.egg-info/requires.txt
[0.498s] writing top-level names to build/tuto_vision/tuto_vision.egg-info/top_level.txt
[0.517s] reading manifest file 'build/tuto_vision/tuto_vision.egg-info/SOURCES.txt'
[0.518s] writing manifest file 'build/tuto_vision/tuto_vision.egg-info/SOURCES.txt'
[0.518s] running build
[0.518s] running build_py
[0.518s] running install
[0.518s] running install_lib
[0.519s] running install_data
[0.519s] copying package.xml -> /home/bot/ros2_ws/tuto_vision/install/tuto_vision/share/tuto_vision
[0.519s] running install_egg_info
[0.520s] removing '/home/bot/ros2_ws/tuto_vision/install/tuto_vision/lib/python3.8/site-packages/tuto_vision-0.0.0-py3.8.egg-info' (and everything under it)
[0.521s] Copying build/tuto_vision/tuto_vision.egg-info to /home/bot/ros2_ws/tuto_vision/install/tuto_vision/lib/python3.8/site-packages/tuto_vision-0.0.0-py3.8.egg-info
[0.521s] running install_scripts
[0.531s] Installing vision_1 script to /home/bot/ros2_ws/tuto_vision/install/tuto_vision/lib/tuto_vision
[0.531s] writing list of installed files to '/home/bot/ros2_ws/tuto_vision/build/tuto_vision/install.log'
[0.543s] Invoked command in '/home/bot/ros2_ws/tuto_vision' returned '0': PYTHONPATH=/home/bot/ros2_ws/tuto_vision/build/tuto_vision/prefix_override:/home/bot/ros2_ws/tuto_vision/install/tuto_vision/lib/python3.8/site-packages:${PYTHONPATH} /usr/bin/python3 setup.py egg_info --egg-base build/tuto_vision build --build-base /home/bot/ros2_ws/tuto_vision/build/tuto_vision/build install --record /home/bot/ros2_ws/tuto_vision/build/tuto_vision/install.log --install-scripts $base/lib/tuto_vision --single-version-externally-managed
