[0.421s] Invoking command in '/home/bot/ros2_ws/Group-8/tuto_vision': PYTHONPATH=/home/bot/ros2_ws/Group-8/tuto_vision/build/tuto_vision/prefix_override:/home/bot/ros2_ws/Group-8/tuto_vision/install/tuto_vision/lib/python3.8/site-packages:${PYTHONPATH} /usr/bin/python3 setup.py egg_info --egg-base build/tuto_vision build --build-base /home/bot/ros2_ws/Group-8/tuto_vision/build/tuto_vision/build install --record /home/bot/ros2_ws/Group-8/tuto_vision/build/tuto_vision/install.log --install-scripts $base/lib/tuto_vision --single-version-externally-managed
[0.578s] running egg_info
[0.578s] creating build/tuto_vision/tuto_vision.egg-info
[0.578s] writing build/tuto_vision/tuto_vision.egg-info/PKG-INFO
[0.579s] writing dependency_links to build/tuto_vision/tuto_vision.egg-info/dependency_links.txt
[0.579s] writing entry points to build/tuto_vision/tuto_vision.egg-info/entry_points.txt
[0.579s] writing requirements to build/tuto_vision/tuto_vision.egg-info/requires.txt
[0.579s] writing top-level names to build/tuto_vision/tuto_vision.egg-info/top_level.txt
[0.581s] writing manifest file 'build/tuto_vision/tuto_vision.egg-info/SOURCES.txt'
[0.610s] reading manifest file 'build/tuto_vision/tuto_vision.egg-info/SOURCES.txt'
[0.611s] writing manifest file 'build/tuto_vision/tuto_vision.egg-info/SOURCES.txt'
[0.611s] running build
[0.611s] running build_py
[0.611s] creating /home/bot/ros2_ws/Group-8/tuto_vision/build/tuto_vision/build
[0.611s] creating /home/bot/ros2_ws/Group-8/tuto_vision/build/tuto_vision/build/lib
[0.611s] creating /home/bot/ros2_ws/Group-8/tuto_vision/build/tuto_vision/build/lib/tuto_vision
[0.611s] copying tuto_vision/vision_1.py -> /home/bot/ros2_ws/Group-8/tuto_vision/build/tuto_vision/build/lib/tuto_vision
[0.612s] copying tuto_vision/realsense.py -> /home/bot/ros2_ws/Group-8/tuto_vision/build/tuto_vision/build/lib/tuto_vision
[0.612s] copying tuto_vision/vision_2.py -> /home/bot/ros2_ws/Group-8/tuto_vision/build/tuto_vision/build/lib/tuto_vision
[0.612s] copying tuto_vision/__init__.py -> /home/bot/ros2_ws/Group-8/tuto_vision/build/tuto_vision/build/lib/tuto_vision
[0.612s] running install
[0.612s] running install_lib
[0.612s] creating /home/bot/ros2_ws/Group-8/tuto_vision/install/tuto_vision/lib/python3.8/site-packages/tuto_vision
[0.612s] copying /home/bot/ros2_ws/Group-8/tuto_vision/build/tuto_vision/build/lib/tuto_vision/vision_1.py -> /home/bot/ros2_ws/Group-8/tuto_vision/install/tuto_vision/lib/python3.8/site-packages/tuto_vision
[0.612s] copying /home/bot/ros2_ws/Group-8/tuto_vision/build/tuto_vision/build/lib/tuto_vision/realsense.py -> /home/bot/ros2_ws/Group-8/tuto_vision/install/tuto_vision/lib/python3.8/site-packages/tuto_vision
[0.612s] copying /home/bot/ros2_ws/Group-8/tuto_vision/build/tuto_vision/build/lib/tuto_vision/vision_2.py -> /home/bot/ros2_ws/Group-8/tuto_vision/install/tuto_vision/lib/python3.8/site-packages/tuto_vision
[0.612s] copying /home/bot/ros2_ws/Group-8/tuto_vision/build/tuto_vision/build/lib/tuto_vision/__init__.py -> /home/bot/ros2_ws/Group-8/tuto_vision/install/tuto_vision/lib/python3.8/site-packages/tuto_vision
[0.613s] byte-compiling /home/bot/ros2_ws/Group-8/tuto_vision/install/tuto_vision/lib/python3.8/site-packages/tuto_vision/vision_1.py to vision_1.cpython-38.pyc
[0.614s] byte-compiling /home/bot/ros2_ws/Group-8/tuto_vision/install/tuto_vision/lib/python3.8/site-packages/tuto_vision/realsense.py to realsense.cpython-38.pyc
[0.614s] byte-compiling /home/bot/ros2_ws/Group-8/tuto_vision/install/tuto_vision/lib/python3.8/site-packages/tuto_vision/vision_2.py to vision_2.cpython-38.pyc
[0.615s] byte-compiling /home/bot/ros2_ws/Group-8/tuto_vision/install/tuto_vision/lib/python3.8/site-packages/tuto_vision/__init__.py to __init__.cpython-38.pyc
[0.615s] running install_data
[0.615s] creating /home/bot/ros2_ws/Group-8/tuto_vision/install/tuto_vision/share/ament_index
[0.615s] creating /home/bot/ros2_ws/Group-8/tuto_vision/install/tuto_vision/share/ament_index/resource_index
[0.615s] creating /home/bot/ros2_ws/Group-8/tuto_vision/install/tuto_vision/share/ament_index/resource_index/packages
[0.615s] copying resource/tuto_vision -> /home/bot/ros2_ws/Group-8/tuto_vision/install/tuto_vision/share/ament_index/resource_index/packages
[0.615s] copying package.xml -> /home/bot/ros2_ws/Group-8/tuto_vision/install/tuto_vision/share/tuto_vision
[0.615s] running install_egg_info
[0.616s] Copying build/tuto_vision/tuto_vision.egg-info to /home/bot/ros2_ws/Group-8/tuto_vision/install/tuto_vision/lib/python3.8/site-packages/tuto_vision-0.0.0-py3.8.egg-info
[0.617s] running install_scripts
[0.627s] Installing vision_1 = tuto_vision.vision_1:maincamera script to /home/bot/ros2_ws/Group-8/tuto_vision/install/tuto_vision/lib/tuto_vision
[0.627s] writing list of installed files to '/home/bot/ros2_ws/Group-8/tuto_vision/build/tuto_vision/install.log'
[0.639s] Invoked command in '/home/bot/ros2_ws/Group-8/tuto_vision' returned '0': PYTHONPATH=/home/bot/ros2_ws/Group-8/tuto_vision/build/tuto_vision/prefix_override:/home/bot/ros2_ws/Group-8/tuto_vision/install/tuto_vision/lib/python3.8/site-packages:${PYTHONPATH} /usr/bin/python3 setup.py egg_info --egg-base build/tuto_vision build --build-base /home/bot/ros2_ws/Group-8/tuto_vision/build/tuto_vision/build install --record /home/bot/ros2_ws/Group-8/tuto_vision/build/tuto_vision/install.log --install-scripts $base/lib/tuto_vision --single-version-externally-managed
