[0.399s] Invoking command in '/home/bot/ros2_ws/challenge_1': PYTHONPATH=/home/bot/ros2_ws/challenge_1/build/challenge_1/prefix_override:/home/bot/ros2_ws/challenge_1/install/challenge_1/lib/python3.8/site-packages:${PYTHONPATH} /usr/bin/python3 setup.py egg_info --egg-base build/challenge_1 build --build-base /home/bot/ros2_ws/challenge_1/build/challenge_1/build install --record /home/bot/ros2_ws/challenge_1/build/challenge_1/install.log --install-scripts $base/lib/challenge_1 --single-version-externally-managed
[0.523s] running egg_info
[0.523s] creating build/challenge_1/challenge_1.egg-info
[0.523s] writing build/challenge_1/challenge_1.egg-info/PKG-INFO
[0.523s] writing dependency_links to build/challenge_1/challenge_1.egg-info/dependency_links.txt
[0.523s] writing entry points to build/challenge_1/challenge_1.egg-info/entry_points.txt
[0.523s] writing requirements to build/challenge_1/challenge_1.egg-info/requires.txt
[0.523s] writing top-level names to build/challenge_1/challenge_1.egg-info/top_level.txt
[0.524s] writing manifest file 'build/challenge_1/challenge_1.egg-info/SOURCES.txt'
[0.543s] reading manifest file 'build/challenge_1/challenge_1.egg-info/SOURCES.txt'
[0.544s] writing manifest file 'build/challenge_1/challenge_1.egg-info/SOURCES.txt'
[0.544s] running build
[0.544s] running build_py
[0.544s] creating /home/bot/ros2_ws/challenge_1/build/challenge_1/build
[0.544s] creating /home/bot/ros2_ws/challenge_1/build/challenge_1/build/lib
[0.544s] creating /home/bot/ros2_ws/challenge_1/build/challenge_1/build/lib/challenge_1
[0.544s] copying challenge_1/launch.py -> /home/bot/ros2_ws/challenge_1/build/challenge_1/build/lib/challenge_1
[0.544s] copying challenge_1/__init__.py -> /home/bot/ros2_ws/challenge_1/build/challenge_1/build/lib/challenge_1
[0.544s] running install
[0.544s] running install_lib
[0.545s] creating /home/bot/ros2_ws/challenge_1/install/challenge_1/lib/python3.8/site-packages/challenge_1
[0.545s] copying /home/bot/ros2_ws/challenge_1/build/challenge_1/build/lib/challenge_1/launch.py -> /home/bot/ros2_ws/challenge_1/install/challenge_1/lib/python3.8/site-packages/challenge_1
[0.545s] copying /home/bot/ros2_ws/challenge_1/build/challenge_1/build/lib/challenge_1/__init__.py -> /home/bot/ros2_ws/challenge_1/install/challenge_1/lib/python3.8/site-packages/challenge_1
[0.545s] byte-compiling /home/bot/ros2_ws/challenge_1/install/challenge_1/lib/python3.8/site-packages/challenge_1/launch.py to launch.cpython-38.pyc
[0.546s] byte-compiling /home/bot/ros2_ws/challenge_1/install/challenge_1/lib/python3.8/site-packages/challenge_1/__init__.py to __init__.cpython-38.pyc
[0.546s] running install_data
[0.546s] creating /home/bot/ros2_ws/challenge_1/install/challenge_1/share/ament_index
[0.546s] creating /home/bot/ros2_ws/challenge_1/install/challenge_1/share/ament_index/resource_index
[0.546s] creating /home/bot/ros2_ws/challenge_1/install/challenge_1/share/ament_index/resource_index/packages
[0.547s] copying resource/challenge_1 -> /home/bot/ros2_ws/challenge_1/install/challenge_1/share/ament_index/resource_index/packages
[0.547s] copying package.xml -> /home/bot/ros2_ws/challenge_1/install/challenge_1/share/challenge_1
[0.547s] running install_egg_info
[0.548s] Copying build/challenge_1/challenge_1.egg-info to /home/bot/ros2_ws/challenge_1/install/challenge_1/lib/python3.8/site-packages/challenge_1-0.0.0-py3.8.egg-info
[0.548s] running install_scripts
[0.558s] writing list of installed files to '/home/bot/ros2_ws/challenge_1/build/challenge_1/install.log'
[0.569s] Invoked command in '/home/bot/ros2_ws/challenge_1' returned '0': PYTHONPATH=/home/bot/ros2_ws/challenge_1/build/challenge_1/prefix_override:/home/bot/ros2_ws/challenge_1/install/challenge_1/lib/python3.8/site-packages:${PYTHONPATH} /usr/bin/python3 setup.py egg_info --egg-base build/challenge_1 build --build-base /home/bot/ros2_ws/challenge_1/build/challenge_1/build install --record /home/bot/ros2_ws/challenge_1/build/challenge_1/install.log --install-scripts $base/lib/challenge_1 --single-version-externally-managed
