[0.369s] Invoking command in '/home/bot/ros2_ws/tuto_vision': PYTHONPATH=/home/bot/ros2_ws/tuto_vision/build/tuto_vision/prefix_override:/home/bot/ros2_ws/tuto_vision/install/tuto_vision/lib/python3.8/site-packages:${PYTHONPATH} /usr/bin/python3 setup.py egg_info --egg-base build/tuto_vision build --build-base /home/bot/ros2_ws/tuto_vision/build/tuto_vision/build install --record /home/bot/ros2_ws/tuto_vision/build/tuto_vision/install.log --install-scripts $base/lib/tuto_vision --single-version-externally-managed
[0.490s] running egg_info
[0.490s] creating build/tuto_vision/tuto_vision.egg-info
[0.490s] writing build/tuto_vision/tuto_vision.egg-info/PKG-INFO
[0.490s] writing dependency_links to build/tuto_vision/tuto_vision.egg-info/dependency_links.txt
[0.490s] writing entry points to build/tuto_vision/tuto_vision.egg-info/entry_points.txt
[0.490s] writing requirements to build/tuto_vision/tuto_vision.egg-info/requires.txt
[0.490s] writing top-level names to build/tuto_vision/tuto_vision.egg-info/top_level.txt
[0.491s] writing manifest file 'build/tuto_vision/tuto_vision.egg-info/SOURCES.txt'
[0.510s] reading manifest file 'build/tuto_vision/tuto_vision.egg-info/SOURCES.txt'
[0.510s] writing manifest file 'build/tuto_vision/tuto_vision.egg-info/SOURCES.txt'
[0.510s] running build
[0.510s] running build_py
[0.510s] creating /home/bot/ros2_ws/tuto_vision/build/tuto_vision/build
[0.510s] creating /home/bot/ros2_ws/tuto_vision/build/tuto_vision/build/lib
[0.510s] creating /home/bot/ros2_ws/tuto_vision/build/tuto_vision/build/lib/tuto_vision
[0.510s] copying tuto_vision/vision_1.py -> /home/bot/ros2_ws/tuto_vision/build/tuto_vision/build/lib/tuto_vision
[0.510s] copying tuto_vision/__init__.py -> /home/bot/ros2_ws/tuto_vision/build/tuto_vision/build/lib/tuto_vision
[0.510s] running install
[0.511s] running install_lib
[0.511s] creating /home/bot/ros2_ws/tuto_vision/install/tuto_vision/lib/python3.8/site-packages/tuto_vision
[0.511s] copying /home/bot/ros2_ws/tuto_vision/build/tuto_vision/build/lib/tuto_vision/vision_1.py -> /home/bot/ros2_ws/tuto_vision/install/tuto_vision/lib/python3.8/site-packages/tuto_vision
[0.511s] copying /home/bot/ros2_ws/tuto_vision/build/tuto_vision/build/lib/tuto_vision/__init__.py -> /home/bot/ros2_ws/tuto_vision/install/tuto_vision/lib/python3.8/site-packages/tuto_vision
[0.512s] byte-compiling /home/bot/ros2_ws/tuto_vision/install/tuto_vision/lib/python3.8/site-packages/tuto_vision/vision_1.py to vision_1.cpython-38.pyc
[0.512s] byte-compiling /home/bot/ros2_ws/tuto_vision/install/tuto_vision/lib/python3.8/site-packages/tuto_vision/__init__.py to __init__.cpython-38.pyc
[0.512s] running install_data
[0.512s] creating /home/bot/ros2_ws/tuto_vision/install/tuto_vision/share/ament_index
[0.513s] creating /home/bot/ros2_ws/tuto_vision/install/tuto_vision/share/ament_index/resource_index
[0.513s] creating /home/bot/ros2_ws/tuto_vision/install/tuto_vision/share/ament_index/resource_index/packages
[0.513s] copying resource/tuto_vision -> /home/bot/ros2_ws/tuto_vision/install/tuto_vision/share/ament_index/resource_index/packages
[0.513s] copying package.xml -> /home/bot/ros2_ws/tuto_vision/install/tuto_vision/share/tuto_vision
[0.513s] running install_egg_info
[0.514s] Copying build/tuto_vision/tuto_vision.egg-info to /home/bot/ros2_ws/tuto_vision/install/tuto_vision/lib/python3.8/site-packages/tuto_vision-0.0.0-py3.8.egg-info
[0.514s] running install_scripts
[0.524s] writing list of installed files to '/home/bot/ros2_ws/tuto_vision/build/tuto_vision/install.log'
[0.535s] Invoked command in '/home/bot/ros2_ws/tuto_vision' returned '0': PYTHONPATH=/home/bot/ros2_ws/tuto_vision/build/tuto_vision/prefix_override:/home/bot/ros2_ws/tuto_vision/install/tuto_vision/lib/python3.8/site-packages:${PYTHONPATH} /usr/bin/python3 setup.py egg_info --egg-base build/tuto_vision build --build-base /home/bot/ros2_ws/tuto_vision/build/tuto_vision/build install --record /home/bot/ros2_ws/tuto_vision/build/tuto_vision/install.log --install-scripts $base/lib/tuto_vision --single-version-externally-managed
