[0.201s] DEBUG:colcon:Command line arguments: ['/usr/bin/colcon', 'build']
[0.201s] DEBUG:colcon:Parsed command line arguments: Namespace(allow_overriding=[], ament_cmake_args=None, base_paths=['.'], build_base='build', catkin_cmake_args=None, catkin_skip_building_tests=False, cmake_args=None, cmake_clean_cache=False, cmake_clean_first=False, cmake_force_configure=False, cmake_target=None, cmake_target_skip_unavailable=False, continue_on_error=False, event_handlers=None, executor='parallel', ignore_user_meta=False, install_base='install', log_base=None, log_level=None, main=<bound method BuildVerb.main of <colcon_core.verb.build.BuildVerb object at 0x7f7691ae40d0>>, merge_install=False, metas=['./colcon.meta'], packages_above=None, packages_above_and_dependencies=None, packages_above_depth=None, packages_end=None, packages_ignore=None, packages_ignore_regex=None, packages_select=None, packages_select_build_failed=False, packages_select_by_dep=None, packages_select_regex=None, packages_select_test_failures=False, packages_skip=None, packages_skip_build_finished=False, packages_skip_by_dep=None, packages_skip_regex=None, packages_skip_test_passed=False, packages_skip_up_to=None, packages_start=None, packages_up_to=None, packages_up_to_regex=None, parallel_workers=16, paths=None, symlink_install=False, test_result_base=None, verb_extension=<colcon_core.verb.build.BuildVerb object at 0x7f7691ae40d0>, verb_name='build', verb_parser=<colcon_defaults.argument_parser.defaults.DefaultArgumentsDecorator object at 0x7f7691ae4610>)
[0.236s] Level 1:colcon.colcon_core.package_discovery:discover_packages(colcon_meta) check parameters
[0.237s] Level 1:colcon.colcon_core.package_discovery:discover_packages(recursive) check parameters
[0.237s] Level 1:colcon.colcon_core.package_discovery:discover_packages(ignore) check parameters
[0.237s] Level 1:colcon.colcon_core.package_discovery:discover_packages(path) check parameters
[0.237s] Level 1:colcon.colcon_core.package_discovery:discover_packages(colcon_meta) discover
[0.237s] Level 1:colcon.colcon_core.package_discovery:discover_packages(recursive) discover
[0.237s] INFO:colcon.colcon_core.package_discovery:Crawling recursively for packages in '/home/bot/ros2_ws/Group-8/tuto_vision'
[0.237s] Level 1:colcon.colcon_core.package_identification:_identify(.) by extensions ['ignore', 'ignore_ament_install']
[0.237s] Level 1:colcon.colcon_core.package_identification:_identify(.) by extension 'ignore'
[0.237s] Level 1:colcon.colcon_core.package_identification:_identify(.) by extension 'ignore_ament_install'
[0.237s] Level 1:colcon.colcon_core.package_identification:_identify(.) by extensions ['colcon_pkg']
[0.237s] Level 1:colcon.colcon_core.package_identification:_identify(.) by extension 'colcon_pkg'
[0.237s] Level 1:colcon.colcon_core.package_identification:_identify(.) by extensions ['colcon_meta']
[0.237s] Level 1:colcon.colcon_core.package_identification:_identify(.) by extension 'colcon_meta'
[0.237s] Level 1:colcon.colcon_core.package_identification:_identify(.) by extensions ['ros']
[0.237s] Level 1:colcon.colcon_core.package_identification:_identify(.) by extension 'ros'
[0.255s] DEBUG:colcon.colcon_core.package_identification:Package '.' with type 'ros.ament_python' and name 'tuto_vision'
[0.256s] Level 1:colcon.colcon_core.package_discovery:discover_packages(recursive) using defaults
[0.256s] Level 1:colcon.colcon_core.package_discovery:discover_packages(ignore) discover
[0.256s] Level 1:colcon.colcon_core.package_discovery:discover_packages(ignore) using defaults
[0.256s] Level 1:colcon.colcon_core.package_discovery:discover_packages(path) discover
[0.256s] Level 1:colcon.colcon_core.package_discovery:discover_packages(path) using defaults
[0.272s] Level 1:colcon.colcon_core.package_discovery:discover_packages(prefix_path) check parameters
[0.272s] Level 1:colcon.colcon_core.package_discovery:discover_packages(prefix_path) discover
[0.275s] DEBUG:colcon.colcon_installed_package_information.package_discovery:Found 16 installed packages in /home/bot/ros2_ws/install
[0.276s] DEBUG:colcon.colcon_installed_package_information.package_discovery:Found 334 installed packages in /opt/ros/foxy
[0.277s] Level 1:colcon.colcon_core.package_discovery:discover_packages(prefix_path) using defaults
[0.331s] Level 5:colcon.colcon_core.verb:set package 'tuto_vision' build argument 'cmake_args' from command line to 'None'
[0.331s] Level 5:colcon.colcon_core.verb:set package 'tuto_vision' build argument 'cmake_target' from command line to 'None'
[0.331s] Level 5:colcon.colcon_core.verb:set package 'tuto_vision' build argument 'cmake_target_skip_unavailable' from command line to 'False'
[0.331s] Level 5:colcon.colcon_core.verb:set package 'tuto_vision' build argument 'cmake_clean_cache' from command line to 'False'
[0.331s] Level 5:colcon.colcon_core.verb:set package 'tuto_vision' build argument 'cmake_clean_first' from command line to 'False'
[0.331s] Level 5:colcon.colcon_core.verb:set package 'tuto_vision' build argument 'cmake_force_configure' from command line to 'False'
[0.331s] Level 5:colcon.colcon_core.verb:set package 'tuto_vision' build argument 'ament_cmake_args' from command line to 'None'
[0.331s] Level 5:colcon.colcon_core.verb:set package 'tuto_vision' build argument 'catkin_cmake_args' from command line to 'None'
[0.331s] Level 5:colcon.colcon_core.verb:set package 'tuto_vision' build argument 'catkin_skip_building_tests' from command line to 'False'
[0.331s] DEBUG:colcon.colcon_core.verb:Building package 'tuto_vision' with the following arguments: {'ament_cmake_args': None, 'build_base': '/home/bot/ros2_ws/Group-8/tuto_vision/build/tuto_vision', 'catkin_cmake_args': None, 'catkin_skip_building_tests': False, 'cmake_args': None, 'cmake_clean_cache': False, 'cmake_clean_first': False, 'cmake_force_configure': False, 'cmake_target': None, 'cmake_target_skip_unavailable': False, 'install_base': '/home/bot/ros2_ws/Group-8/tuto_vision/install/tuto_vision', 'merge_install': False, 'path': '/home/bot/ros2_ws/Group-8/tuto_vision', 'symlink_install': False, 'test_result_base': None}
[0.331s] INFO:colcon.colcon_core.executor:Executing jobs using 'parallel' executor
[0.333s] DEBUG:colcon.colcon_parallel_executor.executor.parallel:run_until_complete
[0.334s] INFO:colcon.colcon_ros.task.ament_python.build:Building ROS package in '/home/bot/ros2_ws/Group-8/tuto_vision' with build type 'ament_python'
[0.334s] Level 1:colcon.colcon_core.shell:create_environment_hook('tuto_vision', 'ament_prefix_path')
[0.339s] INFO:colcon.colcon_core.plugin_system:Skipping extension 'colcon_core.shell.bat': Not used on non-Windows systems
[0.339s] INFO:colcon.colcon_core.shell:Creating environment hook '/home/bot/ros2_ws/Group-8/tuto_vision/install/tuto_vision/share/tuto_vision/hook/ament_prefix_path.ps1'
[0.340s] INFO:colcon.colcon_core.shell:Creating environment descriptor '/home/bot/ros2_ws/Group-8/tuto_vision/install/tuto_vision/share/tuto_vision/hook/ament_prefix_path.dsv'
[0.340s] INFO:colcon.colcon_core.shell:Creating environment hook '/home/bot/ros2_ws/Group-8/tuto_vision/install/tuto_vision/share/tuto_vision/hook/ament_prefix_path.sh'
[0.341s] INFO:colcon.colcon_core.shell:Skip shell extension 'powershell' for command environment: Not usable outside of PowerShell
[0.341s] DEBUG:colcon.colcon_core.shell:Skip shell extension 'dsv' for command environment
[0.503s] INFO:colcon.colcon_core.task.python.build:Building Python package in '/home/bot/ros2_ws/Group-8/tuto_vision'
[0.504s] INFO:colcon.colcon_core.shell:Skip shell extension 'powershell' for command environment: Not usable outside of PowerShell
[0.504s] DEBUG:colcon.colcon_core.shell:Skip shell extension 'dsv' for command environment
[0.812s] DEBUG:colcon.colcon_core.event_handler.log_command:Invoking command in '/home/bot/ros2_ws/Group-8/tuto_vision': PYTHONPATH=/home/bot/ros2_ws/Group-8/tuto_vision/build/tuto_vision/prefix_override:/home/bot/ros2_ws/Group-8/tuto_vision/install/tuto_vision/lib/python3.8/site-packages:${PYTHONPATH} /usr/bin/python3 setup.py egg_info --egg-base build/tuto_vision build --build-base /home/bot/ros2_ws/Group-8/tuto_vision/build/tuto_vision/build install --record /home/bot/ros2_ws/Group-8/tuto_vision/build/tuto_vision/install.log --install-scripts $base/lib/tuto_vision --single-version-externally-managed
[1.030s] DEBUG:colcon.colcon_core.event_handler.log_command:Invoked command in '/home/bot/ros2_ws/Group-8/tuto_vision' returned '0': PYTHONPATH=/home/bot/ros2_ws/Group-8/tuto_vision/build/tuto_vision/prefix_override:/home/bot/ros2_ws/Group-8/tuto_vision/install/tuto_vision/lib/python3.8/site-packages:${PYTHONPATH} /usr/bin/python3 setup.py egg_info --egg-base build/tuto_vision build --build-base /home/bot/ros2_ws/Group-8/tuto_vision/build/tuto_vision/build install --record /home/bot/ros2_ws/Group-8/tuto_vision/build/tuto_vision/install.log --install-scripts $base/lib/tuto_vision --single-version-externally-managed
[1.036s] Level 1:colcon.colcon_core.environment:checking '/home/bot/ros2_ws/Group-8/tuto_vision/install/tuto_vision' for CMake module files
[1.036s] Level 1:colcon.colcon_core.environment:checking '/home/bot/ros2_ws/Group-8/tuto_vision/install/tuto_vision' for CMake config files
[1.037s] Level 1:colcon.colcon_core.environment:checking '/home/bot/ros2_ws/Group-8/tuto_vision/install/tuto_vision/lib'
[1.037s] Level 1:colcon.colcon_core.environment:checking '/home/bot/ros2_ws/Group-8/tuto_vision/install/tuto_vision/bin'
[1.037s] Level 1:colcon.colcon_core.environment:checking '/home/bot/ros2_ws/Group-8/tuto_vision/install/tuto_vision/lib/pkgconfig/tuto_vision.pc'
[1.038s] Level 1:colcon.colcon_core.environment:checking '/home/bot/ros2_ws/Group-8/tuto_vision/install/tuto_vision/lib/python3.8/site-packages'
[1.038s] Level 1:colcon.colcon_core.shell:create_environment_hook('tuto_vision', 'pythonpath')
[1.038s] INFO:colcon.colcon_core.shell:Creating environment hook '/home/bot/ros2_ws/Group-8/tuto_vision/install/tuto_vision/share/tuto_vision/hook/pythonpath.ps1'
[1.039s] INFO:colcon.colcon_core.shell:Creating environment descriptor '/home/bot/ros2_ws/Group-8/tuto_vision/install/tuto_vision/share/tuto_vision/hook/pythonpath.dsv'
[1.039s] INFO:colcon.colcon_core.shell:Creating environment hook '/home/bot/ros2_ws/Group-8/tuto_vision/install/tuto_vision/share/tuto_vision/hook/pythonpath.sh'
[1.039s] Level 1:colcon.colcon_core.environment:checking '/home/bot/ros2_ws/Group-8/tuto_vision/install/tuto_vision/bin'
[1.039s] Level 1:colcon.colcon_core.environment:create_environment_scripts_only(tuto_vision)
[1.040s] INFO:colcon.colcon_core.shell:Creating package script '/home/bot/ros2_ws/Group-8/tuto_vision/install/tuto_vision/share/tuto_vision/package.ps1'
[1.041s] INFO:colcon.colcon_core.shell:Creating package descriptor '/home/bot/ros2_ws/Group-8/tuto_vision/install/tuto_vision/share/tuto_vision/package.dsv'
[1.041s] INFO:colcon.colcon_core.shell:Creating package script '/home/bot/ros2_ws/Group-8/tuto_vision/install/tuto_vision/share/tuto_vision/package.sh'
[1.041s] INFO:colcon.colcon_core.shell:Creating package script '/home/bot/ros2_ws/Group-8/tuto_vision/install/tuto_vision/share/tuto_vision/package.bash'
[1.042s] INFO:colcon.colcon_core.shell:Creating package script '/home/bot/ros2_ws/Group-8/tuto_vision/install/tuto_vision/share/tuto_vision/package.zsh'
[1.043s] Level 1:colcon.colcon_core.environment:create_file_with_runtime_dependencies(/home/bot/ros2_ws/Group-8/tuto_vision/install/tuto_vision/share/colcon-core/packages/tuto_vision)
[1.043s] DEBUG:colcon.colcon_parallel_executor.executor.parallel:closing loop
[1.043s] DEBUG:colcon.colcon_parallel_executor.executor.parallel:loop closed
[1.043s] DEBUG:colcon.colcon_parallel_executor.executor.parallel:run_until_complete finished with '0'
[1.043s] DEBUG:colcon.colcon_core.event_reactor:joining thread
[1.050s] INFO:colcon.colcon_core.plugin_system:Skipping extension 'colcon_notification.desktop_notification.terminal_notifier': Not used on non-Darwin systems
[1.051s] INFO:colcon.colcon_core.plugin_system:Skipping extension 'colcon_notification.desktop_notification.win32': Not used on non-Windows systems
[1.051s] INFO:colcon.colcon_notification.desktop_notification:Sending desktop notification using 'notify2'
[1.067s] DEBUG:colcon.colcon_core.event_reactor:joined thread
[1.068s] INFO:colcon.colcon_core.shell:Creating prefix script '/home/bot/ros2_ws/Group-8/tuto_vision/install/local_setup.ps1'
[1.069s] INFO:colcon.colcon_core.shell:Creating prefix util module '/home/bot/ros2_ws/Group-8/tuto_vision/install/_local_setup_util_ps1.py'
[1.069s] INFO:colcon.colcon_core.shell:Creating prefix chain script '/home/bot/ros2_ws/Group-8/tuto_vision/install/setup.ps1'
[1.072s] INFO:colcon.colcon_core.shell:Creating prefix script '/home/bot/ros2_ws/Group-8/tuto_vision/install/local_setup.sh'
[1.073s] INFO:colcon.colcon_core.shell:Creating prefix util module '/home/bot/ros2_ws/Group-8/tuto_vision/install/_local_setup_util_sh.py'
[1.074s] INFO:colcon.colcon_core.shell:Creating prefix chain script '/home/bot/ros2_ws/Group-8/tuto_vision/install/setup.sh'
[1.077s] INFO:colcon.colcon_core.shell:Creating prefix script '/home/bot/ros2_ws/Group-8/tuto_vision/install/local_setup.bash'
[1.078s] INFO:colcon.colcon_core.shell:Creating prefix chain script '/home/bot/ros2_ws/Group-8/tuto_vision/install/setup.bash'
[1.081s] INFO:colcon.colcon_core.shell:Creating prefix script '/home/bot/ros2_ws/Group-8/tuto_vision/install/local_setup.zsh'
[1.082s] INFO:colcon.colcon_core.shell:Creating prefix chain script '/home/bot/ros2_ws/Group-8/tuto_vision/install/setup.zsh'
