[0.982s] Invoking command in '/home/bot/ros2_ws/Group-8/tuto_move': PYTHONPATH=/home/bot/ros2_ws/Group-8/build/tuto_move/prefix_override:/home/bot/ros2_ws/Group-8/install/tuto_move/lib/python3.8/site-packages:${PYTHONPATH} /usr/bin/python3 setup.py egg_info --egg-base ../build/tuto_move build --build-base /home/bot/ros2_ws/Group-8/build/tuto_move/build install --record /home/bot/ros2_ws/Group-8/build/tuto_move/install.log --install-scripts $base/lib/tuto_move --single-version-externally-managed
[1.119s] running egg_info
[1.120s] writing ../build/tuto_move/tuto_move.egg-info/PKG-INFO
[1.120s] writing dependency_links to ../build/tuto_move/tuto_move.egg-info/dependency_links.txt
[1.120s] writing entry points to ../build/tuto_move/tuto_move.egg-info/entry_points.txt
[1.120s] writing requirements to ../build/tuto_move/tuto_move.egg-info/requires.txt
[1.120s] writing top-level names to ../build/tuto_move/tuto_move.egg-info/top_level.txt
[1.141s] reading manifest file '../build/tuto_move/tuto_move.egg-info/SOURCES.txt'
[1.142s] writing manifest file '../build/tuto_move/tuto_move.egg-info/SOURCES.txt'
[1.142s] running build
[1.142s] running build_py
[1.142s] running install
[1.143s] running install_lib
[1.144s] running install_data
[1.144s] running install_egg_info
[1.145s] removing '/home/bot/ros2_ws/Group-8/install/tuto_move/lib/python3.8/site-packages/tuto_move-0.0.0-py3.8.egg-info' (and everything under it)
[1.145s] Copying ../build/tuto_move/tuto_move.egg-info to /home/bot/ros2_ws/Group-8/install/tuto_move/lib/python3.8/site-packages/tuto_move-0.0.0-py3.8.egg-info
[1.146s] running install_scripts
[1.157s] Installing camera script to /home/bot/ros2_ws/Group-8/install/tuto_move/lib/tuto_move
[1.157s] Installing move_1m script to /home/bot/ros2_ws/Group-8/install/tuto_move/lib/tuto_move
[1.157s] Installing reactive_move script to /home/bot/ros2_ws/Group-8/install/tuto_move/lib/tuto_move
[1.157s] Installing scan_echo script to /home/bot/ros2_ws/Group-8/install/tuto_move/lib/tuto_move
[1.157s] Installing test script to /home/bot/ros2_ws/Group-8/install/tuto_move/lib/tuto_move
[1.158s] writing list of installed files to '/home/bot/ros2_ws/Group-8/build/tuto_move/install.log'
[1.184s] Invoked command in '/home/bot/ros2_ws/Group-8/tuto_move' returned '0': PYTHONPATH=/home/bot/ros2_ws/Group-8/build/tuto_move/prefix_override:/home/bot/ros2_ws/Group-8/install/tuto_move/lib/python3.8/site-packages:${PYTHONPATH} /usr/bin/python3 setup.py egg_info --egg-base ../build/tuto_move build --build-base /home/bot/ros2_ws/Group-8/build/tuto_move/build install --record /home/bot/ros2_ws/Group-8/build/tuto_move/install.log --install-scripts $base/lib/tuto_move --single-version-externally-managed
