running egg_info
creating ../build/challenge_2/challenge_2.egg-info
writing ../build/challenge_2/challenge_2.egg-info/PKG-INFO
writing dependency_links to ../build/challenge_2/challenge_2.egg-info/dependency_links.txt
writing entry points to ../build/challenge_2/challenge_2.egg-info/entry_points.txt
writing requirements to ../build/challenge_2/challenge_2.egg-info/requires.txt
writing top-level names to ../build/challenge_2/challenge_2.egg-info/top_level.txt
writing manifest file '../build/challenge_2/challenge_2.egg-info/SOURCES.txt'
reading manifest file '../build/challenge_2/challenge_2.egg-info/SOURCES.txt'
writing manifest file '../build/challenge_2/challenge_2.egg-info/SOURCES.txt'
running build
running build_py
creating /home/bot/ros2_ws/Group-8/build/challenge_2/build
creating /home/bot/ros2_ws/Group-8/build/challenge_2/build/lib
creating /home/bot/ros2_ws/Group-8/build/challenge_2/build/lib/challenge_2
copying challenge_2/__init__.py -> /home/bot/ros2_ws/Group-8/build/challenge_2/build/lib/challenge_2
running install
running install_lib
creating /home/bot/ros2_ws/Group-8/install/challenge_2/lib/python3.8/site-packages/challenge_2
copying /home/bot/ros2_ws/Group-8/build/challenge_2/build/lib/challenge_2/__init__.py -> /home/bot/ros2_ws/Group-8/install/challenge_2/lib/python3.8/site-packages/challenge_2
byte-compiling /home/bot/ros2_ws/Group-8/install/challenge_2/lib/python3.8/site-packages/challenge_2/__init__.py to __init__.cpython-38.pyc
running install_data
creating /home/bot/ros2_ws/Group-8/install/challenge_2/share/ament_index
creating /home/bot/ros2_ws/Group-8/install/challenge_2/share/ament_index/resource_index
creating /home/bot/ros2_ws/Group-8/install/challenge_2/share/ament_index/resource_index/packages
copying resource/challenge_2 -> /home/bot/ros2_ws/Group-8/install/challenge_2/share/ament_index/resource_index/packages
copying package.xml -> /home/bot/ros2_ws/Group-8/install/challenge_2/share/challenge_2
running install_egg_info
Copying ../build/challenge_2/challenge_2.egg-info to /home/bot/ros2_ws/Group-8/install/challenge_2/lib/python3.8/site-packages/challenge_2-0.0.0-py3.8.egg-info
running install_scripts
writing list of installed files to '/home/bot/ros2_ws/Group-8/build/challenge_2/install.log'
