[0.459s] Invoking command in '/home/bot/ros2_ws/tuto_vision': PYTHONPATH=/home/bot/ros2_ws/tuto_vision/build/tuto_vision/prefix_override:/home/bot/ros2_ws/tuto_vision/install/tuto_vision/lib/python3.8/site-packages:${PYTHONPATH} /usr/bin/python3 setup.py egg_info --egg-base build/tuto_vision build --build-base /home/bot/ros2_ws/tuto_vision/build/tuto_vision/build install --record /home/bot/ros2_ws/tuto_vision/build/tuto_vision/install.log --install-scripts $base/lib/tuto_vision --single-version-externally-managed
[0.606s] running egg_info
[0.607s] writing build/tuto_vision/tuto_vision.egg-info/PKG-INFO
[0.607s] writing dependency_links to build/tuto_vision/tuto_vision.egg-info/dependency_links.txt
[0.607s] writing entry points to build/tuto_vision/tuto_vision.egg-info/entry_points.txt
[0.607s] writing requirements to build/tuto_vision/tuto_vision.egg-info/requires.txt
[0.607s] writing top-level names to build/tuto_vision/tuto_vision.egg-info/top_level.txt
[0.627s] reading manifest file 'build/tuto_vision/tuto_vision.egg-info/SOURCES.txt'
[0.627s] writing manifest file 'build/tuto_vision/tuto_vision.egg-info/SOURCES.txt'
[0.627s] running build
[0.627s] running build_py
[0.627s] copying tuto_vision/vision_1.py -> /home/bot/ros2_ws/tuto_vision/build/tuto_vision/build/lib/tuto_vision
[0.627s] running install
[0.628s] running install_lib
[0.628s] copying /home/bot/ros2_ws/tuto_vision/build/tuto_vision/build/lib/tuto_vision/vision_1.py -> /home/bot/ros2_ws/tuto_vision/install/tuto_vision/lib/python3.8/site-packages/tuto_vision
[0.628s] byte-compiling /home/bot/ros2_ws/tuto_vision/install/tuto_vision/lib/python3.8/site-packages/tuto_vision/vision_1.py to vision_1.cpython-38.pyc
[0.629s] Sorry: TabError: inconsistent use of tabs and spaces in indentation (vision_1.py, line 22)
[0.629s] running install_data
[0.629s] running install_egg_info
[0.630s] removing '/home/bot/ros2_ws/tuto_vision/install/tuto_vision/lib/python3.8/site-packages/tuto_vision-0.0.0-py3.8.egg-info' (and everything under it)
[0.630s] Copying build/tuto_vision/tuto_vision.egg-info to /home/bot/ros2_ws/tuto_vision/install/tuto_vision/lib/python3.8/site-packages/tuto_vision-0.0.0-py3.8.egg-info
[0.631s] running install_scripts
[0.640s] Installing vision_1 script to /home/bot/ros2_ws/tuto_vision/install/tuto_vision/lib/tuto_vision
[0.641s] writing list of installed files to '/home/bot/ros2_ws/tuto_vision/build/tuto_vision/install.log'
[0.653s] Invoked command in '/home/bot/ros2_ws/tuto_vision' returned '0': PYTHONPATH=/home/bot/ros2_ws/tuto_vision/build/tuto_vision/prefix_override:/home/bot/ros2_ws/tuto_vision/install/tuto_vision/lib/python3.8/site-packages:${PYTHONPATH} /usr/bin/python3 setup.py egg_info --egg-base build/tuto_vision build --build-base /home/bot/ros2_ws/tuto_vision/build/tuto_vision/build install --record /home/bot/ros2_ws/tuto_vision/build/tuto_vision/install.log --install-scripts $base/lib/tuto_vision --single-version-externally-managed
