[0.996s] Invoking command in '/home/bot/ros2_ws/Group-8/challenge_1': PYTHONPATH=/home/bot/ros2_ws/Group-8/build/challenge_1/prefix_override:/home/bot/ros2_ws/Group-8/install/challenge_1/lib/python3.8/site-packages:${PYTHONPATH} /usr/bin/python3 setup.py egg_info --egg-base ../build/challenge_1 build --build-base /home/bot/ros2_ws/Group-8/build/challenge_1/build install --record /home/bot/ros2_ws/Group-8/build/challenge_1/install.log --install-scripts $base/lib/challenge_1 --single-version-externally-managed
[1.136s] running egg_info
[1.136s] writing ../build/challenge_1/challenge_1.egg-info/PKG-INFO
[1.137s] writing dependency_links to ../build/challenge_1/challenge_1.egg-info/dependency_links.txt
[1.137s] writing entry points to ../build/challenge_1/challenge_1.egg-info/entry_points.txt
[1.137s] writing requirements to ../build/challenge_1/challenge_1.egg-info/requires.txt
[1.137s] writing top-level names to ../build/challenge_1/challenge_1.egg-info/top_level.txt
[1.158s] reading manifest file '../build/challenge_1/challenge_1.egg-info/SOURCES.txt'
[1.158s] writing manifest file '../build/challenge_1/challenge_1.egg-info/SOURCES.txt'
[1.159s] running build
[1.159s] running build_py
[1.159s] running install
[1.159s] running install_lib
[1.160s] running install_data
[1.160s] running install_egg_info
[1.161s] removing '/home/bot/ros2_ws/Group-8/install/challenge_1/lib/python3.8/site-packages/challenge_1-0.0.0-py3.8.egg-info' (and everything under it)
[1.161s] Copying ../build/challenge_1/challenge_1.egg-info to /home/bot/ros2_ws/Group-8/install/challenge_1/lib/python3.8/site-packages/challenge_1-0.0.0-py3.8.egg-info
[1.162s] running install_scripts
[1.173s] writing list of installed files to '/home/bot/ros2_ws/Group-8/build/challenge_1/install.log'
[1.187s] Invoked command in '/home/bot/ros2_ws/Group-8/challenge_1' returned '0': PYTHONPATH=/home/bot/ros2_ws/Group-8/build/challenge_1/prefix_override:/home/bot/ros2_ws/Group-8/install/challenge_1/lib/python3.8/site-packages:${PYTHONPATH} /usr/bin/python3 setup.py egg_info --egg-base ../build/challenge_1 build --build-base /home/bot/ros2_ws/Group-8/build/challenge_1/build install --record /home/bot/ros2_ws/Group-8/build/challenge_1/install.log --install-scripts $base/lib/challenge_1 --single-version-externally-managed
