[0.091s] DEBUG:colcon:Command line arguments: ['/usr/bin/colcon', 'build']
[0.091s] DEBUG:colcon:Parsed command line arguments: Namespace(allow_overriding=[], ament_cmake_args=None, base_paths=['.'], build_base='build', catkin_cmake_args=None, catkin_skip_building_tests=False, cmake_args=None, cmake_clean_cache=False, cmake_clean_first=False, cmake_force_configure=False, cmake_target=None, cmake_target_skip_unavailable=False, continue_on_error=False, event_handlers=None, executor='parallel', ignore_user_meta=False, install_base='install', log_base=None, log_level=None, main=<bound method BuildVerb.main of <colcon_core.verb.build.BuildVerb object at 0x7f1a73d2dd90>>, merge_install=False, metas=['./colcon.meta'], packages_above=None, packages_above_and_dependencies=None, packages_above_depth=None, packages_end=None, packages_ignore=None, packages_ignore_regex=None, packages_select=None, packages_select_build_failed=False, packages_select_by_dep=None, packages_select_regex=None, packages_select_test_failures=False, packages_skip=None, packages_skip_build_finished=False, packages_skip_by_dep=None, packages_skip_regex=None, packages_skip_test_passed=False, packages_skip_up_to=None, packages_start=None, packages_up_to=None, packages_up_to_regex=None, parallel_workers=16, paths=None, symlink_install=False, test_result_base=None, verb_extension=<colcon_core.verb.build.BuildVerb object at 0x7f1a73d2dd90>, verb_name='build', verb_parser=<colcon_defaults.argument_parser.defaults.DefaultArgumentsDecorator object at 0x7f1a73cba340>)
[0.106s] Level 1:colcon.colcon_core.package_discovery:discover_packages(colcon_meta) check parameters
[0.106s] Level 1:colcon.colcon_core.package_discovery:discover_packages(recursive) check parameters
[0.106s] Level 1:colcon.colcon_core.package_discovery:discover_packages(ignore) check parameters
[0.106s] Level 1:colcon.colcon_core.package_discovery:discover_packages(path) check parameters
[0.106s] Level 1:colcon.colcon_core.package_discovery:discover_packages(colcon_meta) discover
[0.106s] Level 1:colcon.colcon_core.package_discovery:discover_packages(recursive) discover
[0.106s] INFO:colcon.colcon_core.package_discovery:Crawling recursively for packages in '/home/bot/ros2_ws/challenge_1'
[0.106s] Level 1:colcon.colcon_core.package_identification:_identify(.) by extensions ['ignore', 'ignore_ament_install']
[0.106s] Level 1:colcon.colcon_core.package_identification:_identify(.) by extension 'ignore'
[0.106s] Level 1:colcon.colcon_core.package_identification:_identify(.) by extension 'ignore_ament_install'
[0.106s] Level 1:colcon.colcon_core.package_identification:_identify(.) by extensions ['colcon_pkg']
[0.106s] Level 1:colcon.colcon_core.package_identification:_identify(.) by extension 'colcon_pkg'
[0.106s] Level 1:colcon.colcon_core.package_identification:_identify(.) by extensions ['colcon_meta']
[0.106s] Level 1:colcon.colcon_core.package_identification:_identify(.) by extension 'colcon_meta'
[0.106s] Level 1:colcon.colcon_core.package_identification:_identify(.) by extensions ['ros']
[0.106s] Level 1:colcon.colcon_core.package_identification:_identify(.) by extension 'ros'
[0.114s] DEBUG:colcon.colcon_core.package_identification:Package '.' with type 'ros.ament_python' and name 'challenge_1'
[0.114s] Level 1:colcon.colcon_core.package_discovery:discover_packages(recursive) using defaults
[0.114s] Level 1:colcon.colcon_core.package_discovery:discover_packages(ignore) discover
[0.114s] Level 1:colcon.colcon_core.package_discovery:discover_packages(ignore) using defaults
[0.114s] Level 1:colcon.colcon_core.package_discovery:discover_packages(path) discover
[0.114s] Level 1:colcon.colcon_core.package_discovery:discover_packages(path) using defaults
[0.131s] Level 1:colcon.colcon_core.package_discovery:discover_packages(prefix_path) check parameters
[0.131s] Level 1:colcon.colcon_core.package_discovery:discover_packages(prefix_path) discover
[0.134s] DEBUG:colcon.colcon_installed_package_information.package_discovery:Found 37 installed packages in /home/bot/ros2_ws/install
[0.135s] DEBUG:colcon.colcon_installed_package_information.package_discovery:Found 334 installed packages in /opt/ros/foxy
[0.136s] Level 1:colcon.colcon_core.package_discovery:discover_packages(prefix_path) using defaults
[0.177s] Level 5:colcon.colcon_core.verb:set package 'challenge_1' build argument 'cmake_args' from command line to 'None'
[0.177s] Level 5:colcon.colcon_core.verb:set package 'challenge_1' build argument 'cmake_target' from command line to 'None'
[0.177s] Level 5:colcon.colcon_core.verb:set package 'challenge_1' build argument 'cmake_target_skip_unavailable' from command line to 'False'
[0.177s] Level 5:colcon.colcon_core.verb:set package 'challenge_1' build argument 'cmake_clean_cache' from command line to 'False'
[0.177s] Level 5:colcon.colcon_core.verb:set package 'challenge_1' build argument 'cmake_clean_first' from command line to 'False'
[0.177s] Level 5:colcon.colcon_core.verb:set package 'challenge_1' build argument 'cmake_force_configure' from command line to 'False'
[0.177s] Level 5:colcon.colcon_core.verb:set package 'challenge_1' build argument 'ament_cmake_args' from command line to 'None'
[0.177s] Level 5:colcon.colcon_core.verb:set package 'challenge_1' build argument 'catkin_cmake_args' from command line to 'None'
[0.177s] Level 5:colcon.colcon_core.verb:set package 'challenge_1' build argument 'catkin_skip_building_tests' from command line to 'False'
[0.177s] DEBUG:colcon.colcon_core.verb:Building package 'challenge_1' with the following arguments: {'ament_cmake_args': None, 'build_base': '/home/bot/ros2_ws/challenge_1/build/challenge_1', 'catkin_cmake_args': None, 'catkin_skip_building_tests': False, 'cmake_args': None, 'cmake_clean_cache': False, 'cmake_clean_first': False, 'cmake_force_configure': False, 'cmake_target': None, 'cmake_target_skip_unavailable': False, 'install_base': '/home/bot/ros2_ws/challenge_1/install/challenge_1', 'merge_install': False, 'path': '/home/bot/ros2_ws/challenge_1', 'symlink_install': False, 'test_result_base': None}
[0.178s] INFO:colcon.colcon_core.executor:Executing jobs using 'parallel' executor
[0.180s] DEBUG:colcon.colcon_parallel_executor.executor.parallel:run_until_complete
[0.180s] INFO:colcon.colcon_ros.task.ament_python.build:Building ROS package in '/home/bot/ros2_ws/challenge_1' with build type 'ament_python'
[0.181s] Level 1:colcon.colcon_core.shell:create_environment_hook('challenge_1', 'ament_prefix_path')
[0.183s] INFO:colcon.colcon_core.plugin_system:Skipping extension 'colcon_core.shell.bat': Not used on non-Windows systems
[0.183s] INFO:colcon.colcon_core.shell:Creating environment hook '/home/bot/ros2_ws/challenge_1/install/challenge_1/share/challenge_1/hook/ament_prefix_path.ps1'
[0.184s] INFO:colcon.colcon_core.shell:Creating environment descriptor '/home/bot/ros2_ws/challenge_1/install/challenge_1/share/challenge_1/hook/ament_prefix_path.dsv'
[0.184s] INFO:colcon.colcon_core.shell:Creating environment hook '/home/bot/ros2_ws/challenge_1/install/challenge_1/share/challenge_1/hook/ament_prefix_path.sh'
[0.185s] INFO:colcon.colcon_core.shell:Skip shell extension 'powershell' for command environment: Not usable outside of PowerShell
[0.185s] DEBUG:colcon.colcon_core.shell:Skip shell extension 'dsv' for command environment
[0.337s] INFO:colcon.colcon_core.task.python.build:Building Python package in '/home/bot/ros2_ws/challenge_1'
[0.338s] INFO:colcon.colcon_core.shell:Skip shell extension 'powershell' for command environment: Not usable outside of PowerShell
[0.338s] DEBUG:colcon.colcon_core.shell:Skip shell extension 'dsv' for command environment
[0.580s] DEBUG:colcon.colcon_core.event_handler.log_command:Invoking command in '/home/bot/ros2_ws/challenge_1': PYTHONPATH=/home/bot/ros2_ws/challenge_1/build/challenge_1/prefix_override:/home/bot/ros2_ws/challenge_1/install/challenge_1/lib/python3.8/site-packages:${PYTHONPATH} /usr/bin/python3 setup.py egg_info --egg-base build/challenge_1 build --build-base /home/bot/ros2_ws/challenge_1/build/challenge_1/build install --record /home/bot/ros2_ws/challenge_1/build/challenge_1/install.log --install-scripts $base/lib/challenge_1 --single-version-externally-managed
[0.750s] DEBUG:colcon.colcon_core.event_handler.log_command:Invoked command in '/home/bot/ros2_ws/challenge_1' returned '0': PYTHONPATH=/home/bot/ros2_ws/challenge_1/build/challenge_1/prefix_override:/home/bot/ros2_ws/challenge_1/install/challenge_1/lib/python3.8/site-packages:${PYTHONPATH} /usr/bin/python3 setup.py egg_info --egg-base build/challenge_1 build --build-base /home/bot/ros2_ws/challenge_1/build/challenge_1/build install --record /home/bot/ros2_ws/challenge_1/build/challenge_1/install.log --install-scripts $base/lib/challenge_1 --single-version-externally-managed
[0.752s] Level 1:colcon.colcon_core.environment:checking '/home/bot/ros2_ws/challenge_1/install/challenge_1' for CMake module files
[0.753s] Level 1:colcon.colcon_core.environment:checking '/home/bot/ros2_ws/challenge_1/install/challenge_1' for CMake config files
[0.753s] Level 1:colcon.colcon_core.environment:checking '/home/bot/ros2_ws/challenge_1/install/challenge_1/lib'
[0.753s] Level 1:colcon.colcon_core.environment:checking '/home/bot/ros2_ws/challenge_1/install/challenge_1/bin'
[0.753s] Level 1:colcon.colcon_core.environment:checking '/home/bot/ros2_ws/challenge_1/install/challenge_1/lib/pkgconfig/challenge_1.pc'
[0.754s] Level 1:colcon.colcon_core.environment:checking '/home/bot/ros2_ws/challenge_1/install/challenge_1/lib/python3.8/site-packages'
[0.754s] Level 1:colcon.colcon_core.shell:create_environment_hook('challenge_1', 'pythonpath')
[0.754s] INFO:colcon.colcon_core.shell:Creating environment hook '/home/bot/ros2_ws/challenge_1/install/challenge_1/share/challenge_1/hook/pythonpath.ps1'
[0.755s] INFO:colcon.colcon_core.shell:Creating environment descriptor '/home/bot/ros2_ws/challenge_1/install/challenge_1/share/challenge_1/hook/pythonpath.dsv'
[0.755s] INFO:colcon.colcon_core.shell:Creating environment hook '/home/bot/ros2_ws/challenge_1/install/challenge_1/share/challenge_1/hook/pythonpath.sh'
[0.755s] Level 1:colcon.colcon_core.environment:checking '/home/bot/ros2_ws/challenge_1/install/challenge_1/bin'
[0.755s] Level 1:colcon.colcon_core.environment:create_environment_scripts_only(challenge_1)
[0.756s] INFO:colcon.colcon_core.shell:Creating package script '/home/bot/ros2_ws/challenge_1/install/challenge_1/share/challenge_1/package.ps1'
[0.756s] INFO:colcon.colcon_core.shell:Creating package descriptor '/home/bot/ros2_ws/challenge_1/install/challenge_1/share/challenge_1/package.dsv'
[0.757s] INFO:colcon.colcon_core.shell:Creating package script '/home/bot/ros2_ws/challenge_1/install/challenge_1/share/challenge_1/package.sh'
[0.757s] INFO:colcon.colcon_core.shell:Creating package script '/home/bot/ros2_ws/challenge_1/install/challenge_1/share/challenge_1/package.bash'
[0.757s] INFO:colcon.colcon_core.shell:Creating package script '/home/bot/ros2_ws/challenge_1/install/challenge_1/share/challenge_1/package.zsh'
[0.758s] Level 1:colcon.colcon_core.environment:create_file_with_runtime_dependencies(/home/bot/ros2_ws/challenge_1/install/challenge_1/share/colcon-core/packages/challenge_1)
[0.758s] DEBUG:colcon.colcon_parallel_executor.executor.parallel:closing loop
[0.758s] DEBUG:colcon.colcon_parallel_executor.executor.parallel:loop closed
[0.759s] DEBUG:colcon.colcon_parallel_executor.executor.parallel:run_until_complete finished with '0'
[0.759s] DEBUG:colcon.colcon_core.event_reactor:joining thread
[0.762s] INFO:colcon.colcon_core.plugin_system:Skipping extension 'colcon_notification.desktop_notification.terminal_notifier': Not used on non-Darwin systems
[0.763s] INFO:colcon.colcon_core.plugin_system:Skipping extension 'colcon_notification.desktop_notification.win32': Not used on non-Windows systems
[0.763s] INFO:colcon.colcon_notification.desktop_notification:Sending desktop notification using 'notify2'
[0.772s] DEBUG:colcon.colcon_core.event_reactor:joined thread
[0.774s] INFO:colcon.colcon_core.shell:Creating prefix script '/home/bot/ros2_ws/challenge_1/install/local_setup.ps1'
[0.775s] INFO:colcon.colcon_core.shell:Creating prefix util module '/home/bot/ros2_ws/challenge_1/install/_local_setup_util_ps1.py'
[0.776s] INFO:colcon.colcon_core.shell:Creating prefix chain script '/home/bot/ros2_ws/challenge_1/install/setup.ps1'
[0.778s] INFO:colcon.colcon_core.shell:Creating prefix script '/home/bot/ros2_ws/challenge_1/install/local_setup.sh'
[0.778s] INFO:colcon.colcon_core.shell:Creating prefix util module '/home/bot/ros2_ws/challenge_1/install/_local_setup_util_sh.py'
[0.778s] INFO:colcon.colcon_core.shell:Creating prefix chain script '/home/bot/ros2_ws/challenge_1/install/setup.sh'
[0.779s] INFO:colcon.colcon_core.shell:Creating prefix script '/home/bot/ros2_ws/challenge_1/install/local_setup.bash'
[0.780s] INFO:colcon.colcon_core.shell:Creating prefix chain script '/home/bot/ros2_ws/challenge_1/install/setup.bash'
[0.781s] INFO:colcon.colcon_core.shell:Creating prefix script '/home/bot/ros2_ws/challenge_1/install/local_setup.zsh'
[0.781s] INFO:colcon.colcon_core.shell:Creating prefix chain script '/home/bot/ros2_ws/challenge_1/install/setup.zsh'
